console.js:662 Running "main" with {"rootTag":11,"initialProps":{},"fabric":true}
mobileDebug.ts:15 [mobile:projects.query] request Object
mobileDebug.ts:15 [mobile:shell.restore] restoring persisted selection Object
mobileDebug.ts:15 [mobile:shell.restore] restored shell state Object
mobileDebug.ts:15 [mobile:shell.restore] restored shell state Object
mobileDebug.ts:15 [mobile:terminal.sync] request Object
mobileDebug.ts:15 [mobile:projects.query] error Object
mobileDebug.ts:15 [mobile:terminal.sync] error Object
console.js:662 Sending `onAnimatedValueUpdate` with no listeners registered.
anonymous @ console.js:662
overrideMethod @ backend.js:17416
anonymous @ setUpDeveloperTools.js:42
registerWarning @ LogBox.js:222
anonymous @ LogBox.js:95
logIfNoNativeHook @ RCTLog.js:34
console.js:662 Sending `onAnimatedValueUpdate` with no listeners registered.
anonymous @ console.js:662
overrideMethod @ backend.js:17416
anonymous @ setUpDeveloperTools.js:42
registerWarning @ LogBox.js:222
anonymous @ LogBox.js:95
logIfNoNativeHook @ RCTLog.js:34
console.js:662 Sending `onAnimatedValueUpdate` with no listeners registered.
anonymous @ console.js:662
overrideMethod @ backend.js:17416
anonymous @ setUpDeveloperTools.js:42
registerWarning @ LogBox.js:222
anonymous @ LogBox.js:95
logIfNoNativeHook @ RCTLog.js:34
mobileDebug.ts:15 [mobile:projects.query] request Object
mobileDebug.ts:15 [mobile:shell.restore] restoring persisted selection Object
mobileDebug.ts:15 [mobile:shell.restore] restored shell state Object
mobileDebug.ts:15 [mobile:shell.restore] restored shell state Object
mobileDebug.ts:15 [mobile:terminal.sync] request Object
mobileDebug.ts:15 [mobile:projects.query] success Object
mobileDebug.ts:15 [mobile:terminal.sync] success Object
Welcome to React Native DevTools
Debugger integration: iOS Bridgeless (RCTHost)
mobileDebug.ts:15 [mobile:shell.restore] restored shell state {hasExplicitSelectionParams: true, restoredSelection: {…}, storedWorkspaceIds: Array(5)}
mobileDebug.ts:15 [mobile:terminal.sync] request {localTerminalCount: 3, workspaceId: '019ed7e3-e5df-721b-a4e1-eeaeacf95eb4'}
mobileDebug.ts:15 [mobile:terminal.sync] success {sessionIds: Array(0), workspaceId: '019ed7e3-e5df-721b-a4e1-eeaeacf95eb4'}
mobileDebug.ts:15 [mobile:projects.query] request {organizationId: '019ebbb6-0fb5-710e-bf7b-c39e71a8840f', queryEnabled: true, withWorkspaces: true}
mobileDebug.ts:15 [mobile:shell.restore] restored shell state {hasExplicitSelectionParams: true, restoredSelection: {…}, storedWorkspaceIds: Array(5)}
mobileDebug.ts:15 [mobile:terminal.sync] request {localTerminalCount: 3, workspaceId: '019ed7e3-e5df-721b-a4e1-eeaeacf95eb4'}
mobileDebug.ts:15 [mobile:projects.query] success {organizationId: '019ebbb6-0fb5-710e-bf7b-c39e71a8840f', projectIds: Array(1), projectNames: Array(1), withWorkspaces: true, workspaceCounts: Array(1)}
mobileDebug.ts:15 [mobile:terminal.sync] success {sessionIds: Array(3), workspaceId: '019ed7e3-e5df-721b-a4e1-eeaeacf95eb4'}
mobileDebug.ts:15 [mobile:shell.restore] restored shell state {hasExplicitSelectionParams: true, restoredSelection: {…}, storedWorkspaceIds: Array(5)}
mobileDebug.ts:15 [mobile:terminal.sync] request {localTerminalCount: 3, workspaceId: '019ed7e3-e5df-721b-a4e1-eeaeacf95eb4'}
mobileDebug.ts:15 [mobile:terminal.sync] success {sessionIds: Array(4), workspaceId: '019ed7e3-e5df-721b-a4e1-eeaeacf95eb4'}
mobileDebug.ts:15 [mobile:shell.restore] restored shell state {hasExplicitSelectionParams: true, restoredSelection: {…}, storedWorkspaceIds: Array(5)}
mobileDebug.ts:15 [mobile:terminal.sync] request {localTerminalCount: 3, workspaceId: '019ed7e3-e5df-721b-a4e1-eeaeacf95eb4'}
console.js:662 Error evaluating injectedJavaScript: This is possibly due to an unsupported return type. Try adding true to the end of your injectedJavaScript string. Error Domain=WKErrorDomain Code=5 "JavaScript execution returned a result of an unsupported type" UserInfo={NSLocalizedDescription=JavaScript execution returned a result of an unsupported type}
anonymous @ console.js:662
overrideMethod @ backend.js:17416
anonymous @ setUpDeveloperTools.js:42
registerWarning @ LogBox.js:222
anonymous @ LogBox.js:95
logIfNoNativeHook @ RCTLog.js:34
console.js:662 Error evaluating injectedJavaScript: This is possibly due to an unsupported return type. Try adding true to the end of your injectedJavaScript string. Error Domain=WKErrorDomain Code=5 "JavaScript execution returned a result of an unsupported type" UserInfo={NSLocalizedDescription=JavaScript execution returned a result of an unsupported type}
anonymous @ console.js:662
overrideMethod @ backend.js:17416
anonymous @ setUpDeveloperTools.js:42
registerWarning @ LogBox.js:222
anonymous @ LogBox.js:95
logIfNoNativeHook @ RCTLog.js:34
console.js:662 Error evaluating injectedJavaScript: This is possibly due to an unsupported return type. Try adding true to the end of your injectedJavaScript string. Error Domain=WKErrorDomain Code=5 "JavaScript execution returned a result of an unsupported type" UserInfo={NSLocalizedDescription=JavaScript execution returned a result of an unsupported type}
anonymous @ console.js:662
overrideMethod @ backend.js:17416
anonymous @ setUpDeveloperTools.js:42
registerWarning @ LogBox.js:222
anonymous @ LogBox.js:95
logIfNoNativeHook @ RCTLog.js:34
mobileDebug.ts:15 [mobile:shell.restore] restored shell state {hasExplicitSelectionParams: true, restoredSelection: {…}, storedWorkspaceIds: Array(5)}
mobileDebug.ts:15 [mobile:terminal.sync] request {localTerminalCount: 3, workspaceId: '019ed7e3-e5df-721b-a4e1-eeaeacf95eb4'}
mobileDebug.ts:15 [mobile:terminal.sync] success {sessionIds: Array(4), workspaceId: '019ed7e3-e5df-721b-a4e1-eeaeacf95eb4'}
mobileDebug.ts:15 [mobile:terminal.sync] success {sessionIds: Array(5), workspaceId: '019ed7e3-e5df-721b-a4e1-eeaeacf95eb4'}
